# JRE version: OpenJDK Runtime Environment Temurin-17.0.2+8 (17.0.2+8) (build 17.0.2+8)
# Java VM: OpenJDK 64-Bit Server VM Temurin-17.0.2+8 (17.0.2+8, mixed mode, emulated-client, tiered, compressed oops, compressed class ptrs, g1 gc, windows-amd64)
GC Precious Log:
 CPUs: 4 total, 4 available
 Memory: 5814M
 Large Page Support: Disabled
 NUMA Support: Disabled
 Compressed Oops: Enabled (32-bit)
 Heap Region Size: 1M
 Heap Min Capacity: 8M
 Heap Initial Capacity: 92M
 Heap Max Capacity: 1454M
 Pre-touch: Disabled
 Parallel Workers: 4
 Concurrent Workers: 1
 Concurrent Refinement Workers: 4
 Periodic GC: Disabled
Heap:
 garbage-first heap   total 130048K, used 54790K [0x00000000a5200000, 0x0000000100000000)
  region size 1024K, 6 young (6144K), 1 survivors (1024K)
 Metaspace       used 89769K, committed 90368K, reserved 1130496K
  class space    used 12509K, committed 12800K, reserved 1048576K
GC Heap History (20 events):
Event: 27.677 GC heap before
{Heap before GC invocations=28 (full 0):
 garbage-first heap   total 66560K, used 35218K [0x00000000a5200000, 0x0000000100000000)
  region size 1024K, 4 young (4096K), 3 survivors (3072K)
 Metaspace       used 53201K, committed 53760K, reserved 1097728K
  class space    used 6999K, committed 7296K, reserved 1048576K
}
Event: 27.684 GC heap after
{Heap after GC invocations=29 (full 0):
 garbage-first heap   total 66560K, used 34085K [0x00000000a5200000, 0x0000000100000000)
  region size 1024K, 1 young (1024K), 1 survivors (1024K)
 Metaspace       used 53201K, committed 53760K, reserved 1097728K
  class space    used 6999K, committed 7296K, reserved 1048576K
}
Event: 28.688 GC heap before
{Heap before GC invocations=29 (full 0):
 garbage-first heap   total 66560K, used 53541K [0x00000000a5200000, 0x0000000100000000)
  region size 1024K, 20 young (20480K), 1 survivors (1024K)
 Metaspace       used 56477K, committed 56960K, reserved 1105920K
  class space    used 7465K, committed 7680K, reserved 1048576K
}
Event: 28.695 GC heap after
{Heap after GC invocations=30 (full 0):
 garbage-first heap   total 140288K, used 35025K [0x00000000a5200000, 0x0000000100000000)
  region size 1024K, 2 young (2048K), 2 survivors (2048K)
 Metaspace       used 56477K, committed 56960K, reserved 1105920K
  class space    used 7465K, committed 7680K, reserved 1048576K
}
Event: 44.184 GC heap before
{Heap before GC invocations=31 (full 0):
 garbage-first heap   total 130048K, used 110801K [0x00000000a5200000, 0x0000000100000000)
  region size 1024K, 76 young (77824K), 2 survivors (2048K)
 Metaspace       used 74101K, committed 74688K, reserved 1114112K
  class space    used 10178K, committed 10432K, reserved 1048576K
}
Event: 44.198 GC heap after
{Heap after GC invocations=32 (full 0):
 garbage-first heap   total 130048K, used 38496K [0x00000000a5200000, 0x0000000100000000)
  region size 1024K, 5 young (5120K), 5 survivors (5120K)
 Metaspace       used 74101K, committed 74688K, reserved 1114112K
  class space    used 10178K, committed 10432K, reserved 1048576K
}
Event: 44.251 GC heap before
{Heap before GC invocations=32 (full 0):
 garbage-first heap   total 130048K, used 38496K [0x00000000a5200000, 0x0000000100000000)
  region size 1024K, 6 young (6144K), 5 survivors (5120K)
 Metaspace       used 74284K, committed 74880K, reserved 1114112K
  class space    used 10213K, committed 10496K, reserved 1048576K
}
Event: 44.261 GC heap after
{Heap after GC invocations=33 (full 0):
 garbage-first heap   total 130048K, used 38777K [0x00000000a5200000, 0x0000000100000000)
  region size 1024K, 1 young (1024K), 1 survivors (1024K)
 Metaspace       used 74284K, committed 74880K, reserved 1114112K
  class space    used 10213K, committed 10496K, reserved 1048576K
}
Event: 55.932 GC heap before
{Heap before GC invocations=33 (full 0):
 garbage-first heap   total 130048K, used 103289K [0x00000000a5200000, 0x0000000100000000)
  region size 1024K, 64 young (65536K), 1 survivors (1024K)
 Metaspace       used 80623K, committed 81152K, reserved 1122304K
  class space    used 11223K, committed 11456K, reserved 1048576K
}
Event: 55.945 GC heap after
{Heap after GC invocations=34 (full 0):
 garbage-first heap   total 130048K, used 43197K [0x00000000a5200000, 0x0000000100000000)
  region size 1024K, 6 young (6144K), 6 survivors (6144K)
 Metaspace       used 80623K, committed 81152K, reserved 1122304K
  class space    used 11223K, committed 11456K, reserved 1048576K
}
Event: 657.529 GC heap before
{Heap before GC invocations=34 (full 0):
 garbage-first heap   total 130048K, used 101565K [0x00000000a5200000, 0x0000000100000000)
  region size 1024K, 64 young (65536K), 6 survivors (6144K)
 Metaspace       used 86728K, committed 87360K, reserved 1130496K
  class space    used 12110K, committed 12416K, reserved 1048576K
}
Event: 657.550 GC heap after
{Heap after GC invocations=35 (full 0):
 garbage-first heap   total 130048K, used 47825K [0x00000000a5200000, 0x0000000100000000)
  region size 1024K, 5 young (5120K), 5 survivors (5120K)
 Metaspace       used 86728K, committed 87360K, reserved 1130496K
  class space    used 12110K, committed 12416K, reserved 1048576K
}
Event: 2230.156 GC heap before
{Heap before GC invocations=35 (full 0):
 garbage-first heap   total 130048K, used 102097K [0x00000000a5200000, 0x0000000100000000)
  region size 1024K, 59 young (60416K), 5 survivors (5120K)
 Metaspace       used 89762K, committed 90368K, reserved 1130496K
  class space    used 12507K, committed 12800K, reserved 1048576K
}
Event: 2234.283 GC heap after
{Heap after GC invocations=36 (full 0):
 garbage-first heap   total 130048K, used 49480K [0x00000000a5200000, 0x0000000100000000)
  region size 1024K, 3 young (3072K), 3 survivors (3072K)
 Metaspace       used 89762K, committed 90368K, reserved 1130496K
  class space    used 12507K, committed 12800K, reserved 1048576K
}
Event: 2239.851 GC heap before
{Heap before GC invocations=36 (full 0):
 garbage-first heap   total 130048K, used 52552K [0x00000000a5200000, 0x0000000100000000)
  region size 1024K, 6 young (6144K), 3 survivors (3072K)
 Metaspace       used 89762K, committed 90368K, reserved 1130496K
  class space    used 12507K, committed 12800K, reserved 1048576K
}
Event: 2240.233 GC heap after
{Heap after GC invocations=37 (full 0):
 garbage-first heap   total 130048K, used 49986K [0x00000000a5200000, 0x0000000100000000)
  region size 1024K, 1 young (1024K), 1 survivors (1024K)
 Metaspace       used 89762K, committed 90368K, reserved 1130496K
  class space    used 12507K, committed 12800K, reserved 1048576K
}
Event: 2247.866 GC heap before
{Heap before GC invocations=37 (full 0):
 garbage-first heap   total 130048K, used 55106K [0x00000000a5200000, 0x0000000100000000)
  region size 1024K, 6 young (6144K), 1 survivors (1024K)
 Metaspace       used 89769K, committed 90368K, reserved 1130496K
  class space    used 12509K, committed 12800K, reserved 1048576K
}
Event: 2247.868 GC heap after
{Heap after GC invocations=38 (full 0):
 garbage-first heap   total 130048K, used 49724K [0x00000000a5200000, 0x0000000100000000)
  region size 1024K, 1 young (1024K), 1 survivors (1024K)
 Metaspace       used 89769K, committed 90368K, reserved 1130496K
  class space    used 12509K, committed 12800K, reserved 1048576K
}
Event: 2251.415 GC heap before
{Heap before GC invocations=38 (full 0):
 garbage-first heap   total 130048K, used 54844K [0x00000000a5200000, 0x0000000100000000)
  region size 1024K, 6 young (6144K), 1 survivors (1024K)
 Metaspace       used 89769K, committed 90368K, reserved 1130496K
  class space    used 12509K, committed 12800K, reserved 1048576K
}
Event: 2251.684 GC heap after
{Heap after GC invocations=39 (full 0):
 garbage-first heap   total 130048K, used 49670K [0x00000000a5200000, 0x0000000100000000)
  region size 1024K, 1 young (1024K), 1 survivors (1024K)
 Metaspace       used 89769K, committed 90368K, reserved 1130496K
  class space    used 12509K, committed 12800K, reserved 1048576K
}

# JRE version: OpenJDK Runtime Environment Temurin-17.0.2+8 (17.0.2+8) (build 17.0.2+8)
# Java VM: OpenJDK 64-Bit Server VM Temurin-17.0.2+8 (17.0.2+8, mixed mode, emulated-client, tiered, compressed oops, compressed class ptrs, g1 gc, windows-amd64)
GC Precious Log:
 CPUs: 4 total, 4 available
 Memory: 5814M
 Large Page Support: Disabled
 NUMA Support: Disabled
 Compressed Oops: Enabled (32-bit)
 Heap Region Size: 1M
 Heap Min Capacity: 8M
 Heap Initial Capacity: 92M
 Heap Max Capacity: 1454M
 Pre-touch: Disabled
 Parallel Workers: 4
 Concurrent Workers: 1
 Concurrent Refinement Workers: 4
 Periodic GC: Disabled
Heap:
 garbage-first heap   total 130048K, used 54790K [0x00000000a5200000, 0x0000000100000000)
  region size 1024K, 6 young (6144K), 1 survivors (1024K)
 Metaspace       used 89769K, committed 90368K, reserved 1130496K
  class space    used 12509K, committed 12800K, reserved 1048576K
GC Heap History (20 events):
Event: 27.677 GC heap before
{Heap before GC invocations=28 (full 0):
 garbage-first heap   total 66560K, used 35218K [0x00000000a5200000, 0x0000000100000000)
  region size 1024K, 4 young (4096K), 3 survivors (3072K)
 Metaspace       used 53201K, committed 53760K, reserved 1097728K
  class space    used 6999K, committed 7296K, reserved 1048576K
}
Event: 27.684 GC heap after
{Heap after GC invocations=29 (full 0):
 garbage-first heap   total 66560K, used 34085K [0x00000000a5200000, 0x0000000100000000)
  region size 1024K, 1 young (1024K), 1 survivors (1024K)
 Metaspace       used 53201K, committed 53760K, reserved 1097728K
  class space    used 6999K, committed 7296K, reserved 1048576K
}
Event: 28.688 GC heap before
{Heap before GC invocations=29 (full 0):
 garbage-first heap   total 66560K, used 53541K [0x00000000a5200000, 0x0000000100000000)
  region size 1024K, 20 young (20480K), 1 survivors (1024K)
 Metaspace       used 56477K, committed 56960K, reserved 1105920K
  class space    used 7465K, committed 7680K, reserved 1048576K
}
Event: 28.695 GC heap after
{Heap after GC invocations=30 (full 0):
 garbage-first heap   total 140288K, used 35025K [0x00000000a5200000, 0x0000000100000000)
  region size 1024K, 2 young (2048K), 2 survivors (2048K)
 Metaspace       used 56477K, committed 56960K, reserved 1105920K
  class space    used 7465K, committed 7680K, reserved 1048576K
}
Event: 44.184 GC heap before
{Heap before GC invocations=31 (full 0):
 garbage-first heap   total 130048K, used 110801K [0x00000000a5200000, 0x0000000100000000)
  region size 1024K, 76 young (77824K), 2 survivors (2048K)
 Metaspace       used 74101K, committed 74688K, reserved 1114112K
  class space    used 10178K, committed 10432K, reserved 1048576K
}
Event: 44.198 GC heap after
{Heap after GC invocations=32 (full 0):
 garbage-first heap   total 130048K, used 38496K [0x00000000a5200000, 0x0000000100000000)
  region size 1024K, 5 young (5120K), 5 survivors (5120K)
 Metaspace       used 74101K, committed 74688K, reserved 1114112K
  class space    used 10178K, committed 10432K, reserved 1048576K
}
Event: 44.251 GC heap before
{Heap before GC invocations=32 (full 0):
 garbage-first heap   total 130048K, used 38496K [0x00000000a5200000, 0x0000000100000000)
  region size 1024K, 6 young (6144K), 5 survivors (5120K)
 Metaspace       used 74284K, committed 74880K, reserved 1114112K
  class space    used 10213K, committed 10496K, reserved 1048576K
}
Event: 44.261 GC heap after
{Heap after GC invocations=33 (full 0):
 garbage-first heap   total 130048K, used 38777K [0x00000000a5200000, 0x0000000100000000)
  region size 1024K, 1 young (1024K), 1 survivors (1024K)
 Metaspace       used 74284K, committed 74880K, reserved 1114112K
  class space    used 10213K, committed 10496K, reserved 1048576K
}
Event: 55.932 GC heap before
{Heap before GC invocations=33 (full 0):
 garbage-first heap   total 130048K, used 103289K [0x00000000a5200000, 0x0000000100000000)
  region size 1024K, 64 young (65536K), 1 survivors (1024K)
 Metaspace       used 80623K, committed 81152K, reserved 1122304K
  class space    used 11223K, committed 11456K, reserved 1048576K
}
Event: 55.945 GC heap after
{Heap after GC invocations=34 (full 0):
 garbage-first heap   total 130048K, used 43197K [0x00000000a5200000, 0x0000000100000000)
  region size 1024K, 6 young (6144K), 6 survivors (6144K)
 Metaspace       used 80623K, committed 81152K, reserved 1122304K
  class space    used 11223K, committed 11456K, reserved 1048576K
}
Event: 657.529 GC heap before
{Heap before GC invocations=34 (full 0):
 garbage-first heap   total 130048K, used 101565K [0x00000000a5200000, 0x0000000100000000)
  region size 1024K, 64 young (65536K), 6 survivors (6144K)
 Metaspace       used 86728K, committed 87360K, reserved 1130496K
  class space    used 12110K, committed 12416K, reserved 1048576K
}
Event: 657.550 GC heap after
{Heap after GC invocations=35 (full 0):
 garbage-first heap   total 130048K, used 47825K [0x00000000a5200000, 0x0000000100000000)
  region size 1024K, 5 young (5120K), 5 survivors (5120K)
 Metaspace       used 86728K, committed 87360K, reserved 1130496K
  class space    used 12110K, committed 12416K, reserved 1048576K
}
Event: 2230.156 GC heap before
{Heap before GC invocations=35 (full 0):
 garbage-first heap   total 130048K, used 102097K [0x00000000a5200000, 0x0000000100000000)
  region size 1024K, 59 young (60416K), 5 survivors (5120K)
 Metaspace       used 89762K, committed 90368K, reserved 1130496K
  class space    used 12507K, committed 12800K, reserved 1048576K
}
Event: 2234.283 GC heap after
{Heap after GC invocations=36 (full 0):
 garbage-first heap   total 130048K, used 49480K [0x00000000a5200000, 0x0000000100000000)
  region size 1024K, 3 young (3072K), 3 survivors (3072K)
 Metaspace       used 89762K, committed 90368K, reserved 1130496K
  class space    used 12507K, committed 12800K, reserved 1048576K
}
Event: 2239.851 GC heap before
{Heap before GC invocations=36 (full 0):
 garbage-first heap   total 130048K, used 52552K [0x00000000a5200000, 0x0000000100000000)
  region size 1024K, 6 young (6144K), 3 survivors (3072K)
 Metaspace       used 89762K, committed 90368K, reserved 1130496K
  class space    used 12507K, committed 12800K, reserved 1048576K
}
Event: 2240.233 GC heap after
{Heap after GC invocations=37 (full 0):
 garbage-first heap   total 130048K, used 49986K [0x00000000a5200000, 0x0000000100000000)
  region size 1024K, 1 young (1024K), 1 survivors (1024K)
 Metaspace       used 89762K, committed 90368K, reserved 1130496K
  class space    used 12507K, committed 12800K, reserved 1048576K
}
Event: 2247.866 GC heap before
{Heap before GC invocations=37 (full 0):
 garbage-first heap   total 130048K, used 55106K [0x00000000a5200000, 0x0000000100000000)
  region size 1024K, 6 young (6144K), 1 survivors (1024K)
 Metaspace       used 89769K, committed 90368K, reserved 1130496K
  class space    used 12509K, committed 12800K, reserved 1048576K
}
Event: 2247.868 GC heap after
{Heap after GC invocations=38 (full 0):
 garbage-first heap   total 130048K, used 49724K [0x00000000a5200000, 0x0000000100000000)
  region size 1024K, 1 young (1024K), 1 survivors (1024K)
 Metaspace       used 89769K, committed 90368K, reserved 1130496K
  class space    used 12509K, committed 12800K, reserved 1048576K
}
Event: 2251.415 GC heap before
{Heap before GC invocations=38 (full 0):
 garbage-first heap   total 130048K, used 54844K [0x00000000a5200000, 0x0000000100000000)
  region size 1024K, 6 young (6144K), 1 survivors (1024K)
 Metaspace       used 89769K, committed 90368K, reserved 1130496K
  class space    used 12509K, committed 12800K, reserved 1048576K
}
Event: 2251.684 GC heap after
{Heap after GC invocations=39 (full 0):
 garbage-first heap   total 130048K, used 49670K [0x00000000a5200000, 0x0000000100000000)
  region size 1024K, 1 young (1024K), 1 survivors (1024K)
 Metaspace       used 89769K, committed 90368K, reserved 1130496K
  class space    used 12509K, committed 12800K, reserved 1048576K
}

